[ 2019-04-07T19:22:40+08:00 ] ::1 /bokechengxu/index.php/User/Index/index.html
INFO: [ app_init ] --START--
INFO: Run Behavior\BuildLiteBehavior [ RunTime:0.000017s ]
INFO: [ app_init ] --END-- [ RunTime:0.000627s ]
INFO: [ app_begin ] --START--
INFO: Run Behavior\ReadHtmlCacheBehavior [ RunTime:0.000629s ]
INFO: [ app_begin ] --END-- [ RunTime:0.000681s ]
INFO: [ view_parse ] --START--
INFO: [ template_filter ] --START--
INFO: Run Behavior\ContentReplaceBehavior [ RunTime:0.000057s ]
INFO: [ template_filter ] --END-- [ RunTime:0.000097s ]
INFO: Run Behavior\ParseTemplateBehavior [ RunTime:0.008232s ]
INFO: [ view_parse ] --END-- [ RunTime:0.008309s ]
INFO: [ view_filter ] --START--
INFO: Run Behavior\WriteHtmlCacheBehavior [ RunTime:0.000666s ]
INFO: [ view_filter ] --END-- [ RunTime:0.000725s ]
INFO: [ app_end ] --START--
INFO: Run Behavior\ShowPageTraceBehavior [ RunTime:0.000874s ]
INFO: [ app_end ] --END-- [ RunTime:0.000943s ]

[ 2019-04-07T19:22:40+08:00 ] ::1 /bokechengxu/index.php/User/Index/build/css/nprogress.css
INFO: [ app_init ] --START--
INFO: Run Behavior\BuildLiteBehavior [ RunTime:0.000024s ]
INFO: [ app_init ] --END-- [ RunTime:0.000940s ]
INFO: [ app_begin ] --START--
INFO: Run Behavior\ReadHtmlCacheBehavior [ RunTime:0.001237s ]
INFO: [ app_begin ] --END-- [ RunTime:0.001344s ]
ERR: 非法操作:build

[ 2019-04-07T19:22:40+08:00 ] ::1 /bokechengxu/index.php/User/Index/build/css/message.css
INFO: [ app_init ] --START--
INFO: Run Behavior\BuildLiteBehavior [ RunTime:0.000031s ]
INFO: [ app_init ] --END-- [ RunTime:0.000606s ]
INFO: [ app_begin ] --START--
INFO: Run Behavior\ReadHtmlCacheBehavior [ RunTime:0.000767s ]
INFO: [ app_begin ] --END-- [ RunTime:0.000829s ]
ERR: 非法操作:build

[ 2019-04-07T19:23:27+08:00 ] ::1 /bokechengxu/index.php/User/Index/index.html
INFO: [ app_init ] --START--
INFO: Run Behavior\BuildLiteBehavior [ RunTime:0.000018s ]
INFO: [ app_init ] --END-- [ RunTime:0.000690s ]
INFO: [ app_begin ] --START--
INFO: Run Behavior\ReadHtmlCacheBehavior [ RunTime:0.001233s ]
INFO: [ app_begin ] --END-- [ RunTime:0.001320s ]
INFO: [ view_parse ] --START--
INFO: [ template_filter ] --START--
INFO: Run Behavior\ContentReplaceBehavior [ RunTime:0.000064s ]
INFO: [ template_filter ] --END-- [ RunTime:0.000101s ]
INFO: Run Behavior\ParseTemplateBehavior [ RunTime:0.006166s ]
INFO: [ view_parse ] --END-- [ RunTime:0.006251s ]
INFO: [ view_filter ] --START--
INFO: Run Behavior\WriteHtmlCacheBehavior [ RunTime:0.000627s ]
INFO: [ view_filter ] --END-- [ RunTime:0.000709s ]
INFO: [ app_end ] --START--
INFO: Run Behavior\ShowPageTraceBehavior [ RunTime:0.000614s ]
INFO: [ app_end ] --END-- [ RunTime:0.000655s ]

[ 2019-04-07T19:23:27+08:00 ] ::1 /bokechengxu/index.php/User/Index/build/css/nprogress.css
INFO: [ app_init ] --START--
INFO: Run Behavior\BuildLiteBehavior [ RunTime:0.000013s ]
INFO: [ app_init ] --END-- [ RunTime:0.000585s ]
INFO: [ app_begin ] --START--
INFO: Run Behavior\ReadHtmlCacheBehavior [ RunTime:0.001009s ]
INFO: [ app_begin ] --END-- [ RunTime:0.001107s ]
ERR: 非法操作:build

[ 2019-04-07T19:23:27+08:00 ] ::1 /bokechengxu/index.php/User/Index/build/css/message.css
INFO: [ app_init ] --START--
INFO: Run Behavior\BuildLiteBehavior [ RunTime:0.000012s ]
INFO: [ app_init ] --END-- [ RunTime:0.000516s ]
INFO: [ app_begin ] --START--
INFO: Run Behavior\ReadHtmlCacheBehavior [ RunTime:0.000759s ]
INFO: [ app_begin ] --END-- [ RunTime:0.000842s ]
ERR: 非法操作:build

[ 2019-04-07T19:23:29+08:00 ] ::1 /bokechengxu/index.php/User/Index/photo.html
INFO: [ app_init ] --START--
INFO: Run Behavior\BuildLiteBehavior [ RunTime:0.000017s ]
INFO: [ app_init ] --END-- [ RunTime:0.000726s ]
INFO: [ app_begin ] --START--
INFO: Run Behavior\ReadHtmlCacheBehavior [ RunTime:0.000720s ]
INFO: [ app_begin ] --END-- [ RunTime:0.000786s ]
ERR: 模板不存在:./Application/User/View/Index/photo.html

[ 2019-04-07T19:23:32+08:00 ] ::1 /bokechengxu/index.php/User/Index/photolist.html
INFO: [ app_init ] --START--
INFO: Run Behavior\BuildLiteBehavior [ RunTime:0.000028s ]
INFO: [ app_init ] --END-- [ RunTime:0.000946s ]
INFO: [ app_begin ] --START--
INFO: Run Behavior\ReadHtmlCacheBehavior [ RunTime:0.000617s ]
INFO: [ app_begin ] --END-- [ RunTime:0.000666s ]
SQL: SHOW COLUMNS FROM `xyfw_photo` [ RunTime:0.0089s ]
NOTIC: [8] Undefined index: p D:\phpStudy\PHPTutorial\WWW\bokechengxu\Application\User\Controller\IndexController.class.php 第 245 行.
SQL: SELECT * FROM `xyfw_photo` ORDER BY id DESC LIMIT 0,10   [ RunTime:0.0007s ]
SQL: SELECT COUNT(*) AS tp_count FROM `xyfw_photo` LIMIT 1   [ RunTime:0.0003s ]
ERR: 模板不存在:./Application/User/View/Index/photolist.html

[ 2019-04-07T19:24:00+08:00 ] ::1 /bokechengxu/index.php/User/Index/photolist.html
INFO: [ app_init ] --START--
INFO: Run Behavior\BuildLiteBehavior [ RunTime:0.000012s ]
INFO: [ app_init ] --END-- [ RunTime:0.000571s ]
INFO: [ app_begin ] --START--
INFO: Run Behavior\ReadHtmlCacheBehavior [ RunTime:0.000562s ]
INFO: [ app_begin ] --END-- [ RunTime:0.000604s ]
SQL: SHOW COLUMNS FROM `xyfw_photo` [ RunTime:0.0059s ]
NOTIC: [8] Undefined index: p D:\phpStudy\PHPTutorial\WWW\bokechengxu\Application\User\Controller\IndexController.class.php 第 245 行.
SQL: SELECT * FROM `xyfw_photo` ORDER BY id DESC LIMIT 0,10   [ RunTime:0.0003s ]
SQL: SELECT COUNT(*) AS tp_count FROM `xyfw_photo` LIMIT 1   [ RunTime:0.0002s ]
INFO: [ view_parse ] --START--
INFO: [ template_filter ] --START--
INFO: Run Behavior\ContentReplaceBehavior [ RunTime:0.000028s ]
INFO: [ template_filter ] --END-- [ RunTime:0.000060s ]
NOTIC: [8] Use of undefined constant id - assumed 'id' D:\phpStudy\PHPTutorial\WWW\bokechengxu\Application\Runtime\Cache\User\0666f2dec360d7a76e9427a63899e148.php 第 28 行.
NOTIC: [8] Use of undefined constant id - assumed 'id' D:\phpStudy\PHPTutorial\WWW\bokechengxu\Application\Runtime\Cache\User\0666f2dec360d7a76e9427a63899e148.php 第 28 行.
NOTIC: [8] Use of undefined constant id - assumed 'id' D:\phpStudy\PHPTutorial\WWW\bokechengxu\Application\Runtime\Cache\User\0666f2dec360d7a76e9427a63899e148.php 第 28 行.
NOTIC: [8] Use of undefined constant id - assumed 'id' D:\phpStudy\PHPTutorial\WWW\bokechengxu\Application\Runtime\Cache\User\0666f2dec360d7a76e9427a63899e148.php 第 28 行.
NOTIC: [8] Use of undefined constant id - assumed 'id' D:\phpStudy\PHPTutorial\WWW\bokechengxu\Application\Runtime\Cache\User\0666f2dec360d7a76e9427a63899e148.php 第 28 行.
NOTIC: [8] Use of undefined constant id - assumed 'id' D:\phpStudy\PHPTutorial\WWW\bokechengxu\Application\Runtime\Cache\User\0666f2dec360d7a76e9427a63899e148.php 第 28 行.
NOTIC: [8] Use of undefined constant id - assumed 'id' D:\phpStudy\PHPTutorial\WWW\bokechengxu\Application\Runtime\Cache\User\0666f2dec360d7a76e9427a63899e148.php 第 28 行.
NOTIC: [8] Use of undefined constant id - assumed 'id' D:\phpStudy\PHPTutorial\WWW\bokechengxu\Application\Runtime\Cache\User\0666f2dec360d7a76e9427a63899e148.php 第 28 行.
NOTIC: [8] Use of undefined constant id - assumed 'id' D:\phpStudy\PHPTutorial\WWW\bokechengxu\Application\Runtime\Cache\User\0666f2dec360d7a76e9427a63899e148.php 第 28 行.
NOTIC: [8] Use of undefined constant id - assumed 'id' D:\phpStudy\PHPTutorial\WWW\bokechengxu\Application\Runtime\Cache\User\0666f2dec360d7a76e9427a63899e148.php 第 28 行.
INFO: Run Behavior\ParseTemplateBehavior [ RunTime:0.005694s ]
INFO: [ view_parse ] --END-- [ RunTime:0.005727s ]
INFO: [ view_filter ] --START--
INFO: Run Behavior\WriteHtmlCacheBehavior [ RunTime:0.000362s ]
INFO: [ view_filter ] --END-- [ RunTime:0.000392s ]
INFO: [ app_end ] --START--
INFO: Run Behavior\ShowPageTraceBehavior [ RunTime:0.000507s ]
INFO: [ app_end ] --END-- [ RunTime:0.000537s ]

[ 2019-04-07T19:24:07+08:00 ] ::1 /bokechengxu/index.php/User/Index/photo.html
INFO: [ app_init ] --START--
INFO: Run Behavior\BuildLiteBehavior [ RunTime:0.000015s ]
INFO: [ app_init ] --END-- [ RunTime:0.000541s ]
INFO: [ app_begin ] --START--
INFO: Run Behavior\ReadHtmlCacheBehavior [ RunTime:0.000726s ]
INFO: [ app_begin ] --END-- [ RunTime:0.000802s ]
INFO: [ view_parse ] --START--
INFO: [ template_filter ] --START--
INFO: Run Behavior\ContentReplaceBehavior [ RunTime:0.000040s ]
INFO: [ template_filter ] --END-- [ RunTime:0.000092s ]
INFO: Run Behavior\ParseTemplateBehavior [ RunTime:0.005471s ]
INFO: [ view_parse ] --END-- [ RunTime:0.005524s ]
INFO: [ view_filter ] --START--
INFO: Run Behavior\WriteHtmlCacheBehavior [ RunTime:0.000391s ]
INFO: [ view_filter ] --END-- [ RunTime:0.000425s ]
INFO: [ app_end ] --START--
INFO: Run Behavior\ShowPageTraceBehavior [ RunTime:0.000496s ]
INFO: [ app_end ] --END-- [ RunTime:0.000526s ]

[ 2019-04-07T19:24:44+08:00 ] ::1 /bokechengxu/index.php/User/Index/index.html
INFO: [ app_init ] --START--
INFO: Run Behavior\BuildLiteBehavior [ RunTime:0.000022s ]
INFO: [ app_init ] --END-- [ RunTime:0.000739s ]
INFO: [ app_begin ] --START--
INFO: Run Behavior\ReadHtmlCacheBehavior [ RunTime:0.000689s ]
INFO: [ app_begin ] --END-- [ RunTime:0.000744s ]
INFO: [ view_parse ] --START--
INFO: [ template_filter ] --START--
INFO: Run Behavior\ContentReplaceBehavior [ RunTime:0.000050s ]
INFO: [ template_filter ] --END-- [ RunTime:0.000101s ]
INFO: Run Behavior\ParseTemplateBehavior [ RunTime:0.006238s ]
INFO: [ view_parse ] --END-- [ RunTime:0.006304s ]
INFO: [ view_filter ] --START--
INFO: Run Behavior\WriteHtmlCacheBehavior [ RunTime:0.000423s ]
INFO: [ view_filter ] --END-- [ RunTime:0.000451s ]
INFO: [ app_end ] --START--
INFO: Run Behavior\ShowPageTraceBehavior [ RunTime:0.000523s ]
INFO: [ app_end ] --END-- [ RunTime:0.000554s ]

[ 2019-04-07T19:24:44+08:00 ] ::1 /bokechengxu/index.php/User/Index/build/css/nprogress.css
INFO: [ app_init ] --START--
INFO: Run Behavior\BuildLiteBehavior [ RunTime:0.000018s ]
INFO: [ app_init ] --END-- [ RunTime:0.000444s ]
INFO: [ app_begin ] --START--
INFO: Run Behavior\ReadHtmlCacheBehavior [ RunTime:0.000756s ]
INFO: [ app_begin ] --END-- [ RunTime:0.000814s ]
ERR: 非法操作:build

[ 2019-04-07T19:24:44+08:00 ] ::1 /bokechengxu/index.php/User/Index/build/css/message.css
INFO: [ app_init ] --START--
INFO: Run Behavior\BuildLiteBehavior [ RunTime:0.000018s ]
INFO: [ app_init ] --END-- [ RunTime:0.000664s ]
INFO: [ app_begin ] --START--
INFO: Run Behavior\ReadHtmlCacheBehavior [ RunTime:0.000865s ]
INFO: [ app_begin ] --END-- [ RunTime:0.000971s ]
ERR: 非法操作:build

[ 2019-04-07T19:24:47+08:00 ] ::1 /bokechengxu/index.php/User/Index/photo.html
INFO: [ app_init ] --START--
INFO: Run Behavior\BuildLiteBehavior [ RunTime:0.000014s ]
INFO: [ app_init ] --END-- [ RunTime:0.000532s ]
INFO: [ app_begin ] --START--
INFO: Run Behavior\ReadHtmlCacheBehavior [ RunTime:0.000628s ]
INFO: [ app_begin ] --END-- [ RunTime:0.000678s ]
INFO: [ view_parse ] --START--
INFO: [ template_filter ] --START--
INFO: Run Behavior\ContentReplaceBehavior [ RunTime:0.000029s ]
INFO: [ template_filter ] --END-- [ RunTime:0.000069s ]
INFO: Run Behavior\ParseTemplateBehavior [ RunTime:0.004983s ]
INFO: [ view_parse ] --END-- [ RunTime:0.005035s ]
INFO: [ view_filter ] --START--
INFO: Run Behavior\WriteHtmlCacheBehavior [ RunTime:0.000335s ]
INFO: [ view_filter ] --END-- [ RunTime:0.000362s ]
INFO: [ app_end ] --START--
INFO: Run Behavior\ShowPageTraceBehavior [ RunTime:0.000461s ]
INFO: [ app_end ] --END-- [ RunTime:0.000488s ]

[ 2019-04-07T19:24:54+08:00 ] ::1 /bokechengxu/index.php/User/Index/addphoto.html
INFO: [ app_init ] --START--
INFO: Run Behavior\BuildLiteBehavior [ RunTime:0.000011s ]
INFO: [ app_init ] --END-- [ RunTime:0.000669s ]
INFO: [ app_begin ] --START--
INFO: Run Behavior\ReadHtmlCacheBehavior [ RunTime:0.000516s ]
INFO: [ app_begin ] --END-- [ RunTime:0.000565s ]
NOTIC: [2] call_user_func() expects parameter 1 to be a valid callback, no array or string given D:\phpStudy\PHPTutorial\WWW\bokechengxu\ThinkPHP\Library\Think\Upload.class.php 第 170 行.
SQL: SHOW COLUMNS FROM `xyfw_photo` [ RunTime:0.0067s ]
SQL: SHOW COLUMNS FROM `xyfw_photo` [ RunTime:0.0059s ]
SQL: INSERT INTO `xyfw_photo` (`name`,`user`,`create_time`) VALUES ('5ca9de06c5356.png','1814702679@qq.com','2019-04-07 07:24:54') [ RunTime:0.0003s ]
INFO: [ view_parse ] --START--
INFO: [ template_filter ] --START--
INFO: Run Behavior\ContentReplaceBehavior [ RunTime:0.000027s ]
INFO: [ template_filter ] --END-- [ RunTime:0.000077s ]
INFO: Run Behavior\ParseTemplateBehavior [ RunTime:0.007475s ]
INFO: [ view_parse ] --END-- [ RunTime:0.007541s ]
INFO: [ view_filter ] --START--
INFO: Run Behavior\WriteHtmlCacheBehavior [ RunTime:0.001157s ]
INFO: [ view_filter ] --END-- [ RunTime:0.001210s ]
INFO: [ app_end ] --START--
INFO: Run Behavior\ShowPageTraceBehavior [ RunTime:0.001732s ]
INFO: [ app_end ] --END-- [ RunTime:0.001808s ]

[ 2019-04-07T19:24:55+08:00 ] ::1 /bokechengxu/index.php/User/Index/photo.html
INFO: [ app_init ] --START--
INFO: Run Behavior\BuildLiteBehavior [ RunTime:0.000012s ]
INFO: [ app_init ] --END-- [ RunTime:0.000702s ]
INFO: [ app_begin ] --START--
INFO: Run Behavior\ReadHtmlCacheBehavior [ RunTime:0.000880s ]
INFO: [ app_begin ] --END-- [ RunTime:0.000941s ]
INFO: [ view_parse ] --START--
INFO: [ template_filter ] --START--
INFO: Run Behavior\ContentReplaceBehavior [ RunTime:0.000034s ]
INFO: [ template_filter ] --END-- [ RunTime:0.000076s ]
INFO: Run Behavior\ParseTemplateBehavior [ RunTime:0.006219s ]
INFO: [ view_parse ] --END-- [ RunTime:0.006278s ]
INFO: [ view_filter ] --START--
INFO: Run Behavior\WriteHtmlCacheBehavior [ RunTime:0.000589s ]
INFO: [ view_filter ] --END-- [ RunTime:0.000619s ]
INFO: [ app_end ] --START--
INFO: Run Behavior\ShowPageTraceBehavior [ RunTime:0.000745s ]
INFO: [ app_end ] --END-- [ RunTime:0.000773s ]

[ 2019-04-07T19:24:56+08:00 ] ::1 /bokechengxu/index.php/User/Index/photolist.html
INFO: [ app_init ] --START--
INFO: Run Behavior\BuildLiteBehavior [ RunTime:0.000011s ]
INFO: [ app_init ] --END-- [ RunTime:0.000663s ]
INFO: [ app_begin ] --START--
INFO: Run Behavior\ReadHtmlCacheBehavior [ RunTime:0.000721s ]
INFO: [ app_begin ] --END-- [ RunTime:0.000765s ]
SQL: SHOW COLUMNS FROM `xyfw_photo` [ RunTime:0.0073s ]
NOTIC: [8] Undefined index: p D:\phpStudy\PHPTutorial\WWW\bokechengxu\Application\User\Controller\IndexController.class.php 第 245 行.
SQL: SELECT * FROM `xyfw_photo` ORDER BY id DESC LIMIT 0,10   [ RunTime:0.0004s ]
SQL: SELECT COUNT(*) AS tp_count FROM `xyfw_photo` LIMIT 1   [ RunTime:0.0002s ]
INFO: [ view_parse ] --START--
INFO: [ template_filter ] --START--
INFO: Run Behavior\ContentReplaceBehavior [ RunTime:0.000034s ]
INFO: [ template_filter ] --END-- [ RunTime:0.000085s ]
NOTIC: [8] Use of undefined constant id - assumed 'id' D:\phpStudy\PHPTutorial\WWW\bokechengxu\Application\Runtime\Cache\User\0666f2dec360d7a76e9427a63899e148.php 第 28 行.
NOTIC: [8] Use of undefined constant id - assumed 'id' D:\phpStudy\PHPTutorial\WWW\bokechengxu\Application\Runtime\Cache\User\0666f2dec360d7a76e9427a63899e148.php 第 28 行.
NOTIC: [8] Use of undefined constant id - assumed 'id' D:\phpStudy\PHPTutorial\WWW\bokechengxu\Application\Runtime\Cache\User\0666f2dec360d7a76e9427a63899e148.php 第 28 行.
NOTIC: [8] Use of undefined constant id - assumed 'id' D:\phpStudy\PHPTutorial\WWW\bokechengxu\Application\Runtime\Cache\User\0666f2dec360d7a76e9427a63899e148.php 第 28 行.
NOTIC: [8] Use of undefined constant id - assumed 'id' D:\phpStudy\PHPTutorial\WWW\bokechengxu\Application\Runtime\Cache\User\0666f2dec360d7a76e9427a63899e148.php 第 28 行.
NOTIC: [8] Use of undefined constant id - assumed 'id' D:\phpStudy\PHPTutorial\WWW\bokechengxu\Application\Runtime\Cache\User\0666f2dec360d7a76e9427a63899e148.php 第 28 行.
NOTIC: [8] Use of undefined constant id - assumed 'id' D:\phpStudy\PHPTutorial\WWW\bokechengxu\Application\Runtime\Cache\User\0666f2dec360d7a76e9427a63899e148.php 第 28 行.
NOTIC: [8] Use of undefined constant id - assumed 'id' D:\phpStudy\PHPTutorial\WWW\bokechengxu\Application\Runtime\Cache\User\0666f2dec360d7a76e9427a63899e148.php 第 28 行.
NOTIC: [8] Use of undefined constant id - assumed 'id' D:\phpStudy\PHPTutorial\WWW\bokechengxu\Application\Runtime\Cache\User\0666f2dec360d7a76e9427a63899e148.php 第 28 行.
NOTIC: [8] Use of undefined constant id - assumed 'id' D:\phpStudy\PHPTutorial\WWW\bokechengxu\Application\Runtime\Cache\User\0666f2dec360d7a76e9427a63899e148.php 第 28 行.
INFO: Run Behavior\ParseTemplateBehavior [ RunTime:0.009436s ]
INFO: [ view_parse ] --END-- [ RunTime:0.009493s ]
INFO: [ view_filter ] --START--
INFO: Run Behavior\WriteHtmlCacheBehavior [ RunTime:0.000977s ]
INFO: [ view_filter ] --END-- [ RunTime:0.001044s ]
INFO: [ app_end ] --START--
INFO: Run Behavior\ShowPageTraceBehavior [ RunTime:0.000992s ]
INFO: [ app_end ] --END-- [ RunTime:0.001035s ]

[ 2019-04-07T19:26:15+08:00 ] ::1 /bokechengxu/index.php/User/Index/photolist.html
INFO: [ app_init ] --START--
INFO: Run Behavior\BuildLiteBehavior [ RunTime:0.000013s ]
INFO: [ app_init ] --END-- [ RunTime:0.000608s ]
INFO: [ app_begin ] --START--
INFO: Run Behavior\ReadHtmlCacheBehavior [ RunTime:0.000846s ]
INFO: [ app_begin ] --END-- [ RunTime:0.000893s ]
SQL: SHOW COLUMNS FROM `xyfw_photo` [ RunTime:0.0056s ]
NOTIC: [8] Undefined index: p D:\phpStudy\PHPTutorial\WWW\bokechengxu\Application\User\Controller\IndexController.class.php 第 246 行.
SQL: SELECT * FROM `xyfw_photo` WHERE `user` = '1814702679@qq.com' ORDER BY id DESC LIMIT 0,10   [ RunTime:0.0003s ]
SQL: SELECT COUNT(*) AS tp_count FROM `xyfw_photo` WHERE `user` = '1814702679@qq.com' LIMIT 1   [ RunTime:0.0002s ]
INFO: [ view_parse ] --START--
INFO: [ template_filter ] --START--
INFO: Run Behavior\ContentReplaceBehavior [ RunTime:0.000030s ]
INFO: [ template_filter ] --END-- [ RunTime:0.000074s ]
NOTIC: [8] Use of undefined constant id - assumed 'id' D:\phpStudy\PHPTutorial\WWW\bokechengxu\Application\Runtime\Cache\User\0666f2dec360d7a76e9427a63899e148.php 第 28 行.
INFO: Run Behavior\ParseTemplateBehavior [ RunTime:0.015114s ]
INFO: [ view_parse ] --END-- [ RunTime:0.015154s ]
INFO: [ view_filter ] --START--
INFO: Run Behavior\WriteHtmlCacheBehavior [ RunTime:0.000615s ]
INFO: [ view_filter ] --END-- [ RunTime:0.000647s ]
INFO: [ app_end ] --START--
INFO: Run Behavior\ShowPageTraceBehavior [ RunTime:0.000795s ]
INFO: [ app_end ] --END-- [ RunTime:0.000827s ]

