[ 2019-03-29T19:25:42+08:00 ] ::1 /bokechengxu/index.php/Login
INFO: [ app_init ] --START--
INFO: Run Behavior\BuildLiteBehavior [ RunTime:0.000028s ]
INFO: [ app_init ] --END-- [ RunTime:0.001177s ]
INFO: [ app_begin ] --START--
INFO: Run Behavior\ReadHtmlCacheBehavior [ RunTime:0.000999s ]
INFO: [ app_begin ] --END-- [ RunTime:0.001071s ]
INFO: [ view_parse ] --START--
INFO: [ template_filter ] --START--
INFO: Run Behavior\ContentReplaceBehavior [ RunTime:0.026939s ]
INFO: [ template_filter ] --END-- [ RunTime:0.027020s ]
INFO: Run Behavior\ParseTemplateBehavior [ RunTime:0.162957s ]
INFO: [ view_parse ] --END-- [ RunTime:0.163024s ]
INFO: [ view_filter ] --START--
INFO: Run Behavior\WriteHtmlCacheBehavior [ RunTime:0.000728s ]
INFO: [ view_filter ] --END-- [ RunTime:0.000774s ]
INFO: [ app_end ] --START--
INFO: Run Behavior\ShowPageTraceBehavior [ RunTime:0.000934s ]
INFO: [ app_end ] --END-- [ RunTime:0.000985s ]

[ 2019-03-29T19:25:42+08:00 ] ::1 /bokechengxu/index.php/Login/Index/verify.html
INFO: [ app_init ] --START--
INFO: Run Behavior\BuildLiteBehavior [ RunTime:0.000025s ]
INFO: [ app_init ] --END-- [ RunTime:0.001054s ]
INFO: [ app_begin ] --START--
INFO: Run Behavior\ReadHtmlCacheBehavior [ RunTime:0.001530s ]
INFO: [ app_begin ] --END-- [ RunTime:0.001635s ]
INFO: [ app_end ] --START--
INFO: Run Behavior\ShowPageTraceBehavior [ RunTime:0.001546s ]
INFO: [ app_end ] --END-- [ RunTime:0.001673s ]

[ 2019-03-29T19:26:01+08:00 ] ::1 /bokechengxu/index.php/Login
INFO: [ app_init ] --START--
INFO: Run Behavior\BuildLiteBehavior [ RunTime:0.000028s ]
INFO: [ app_init ] --END-- [ RunTime:0.001291s ]
INFO: [ app_begin ] --START--
INFO: Run Behavior\ReadHtmlCacheBehavior [ RunTime:0.001396s ]
INFO: [ app_begin ] --END-- [ RunTime:0.001540s ]
INFO: [ view_parse ] --START--
INFO: [ template_filter ] --START--
INFO: Run Behavior\ContentReplaceBehavior [ RunTime:0.000048s ]
INFO: [ template_filter ] --END-- [ RunTime:0.000111s ]
INFO: Run Behavior\ParseTemplateBehavior [ RunTime:0.010758s ]
INFO: [ view_parse ] --END-- [ RunTime:0.010993s ]
INFO: [ view_filter ] --START--
INFO: Run Behavior\WriteHtmlCacheBehavior [ RunTime:0.001365s ]
INFO: [ view_filter ] --END-- [ RunTime:0.001480s ]
INFO: [ app_end ] --START--
INFO: Run Behavior\ShowPageTraceBehavior [ RunTime:0.001538s ]
INFO: [ app_end ] --END-- [ RunTime:0.001625s ]

[ 2019-03-29T19:26:02+08:00 ] ::1 /bokechengxu/index.php/Login/Index/verify.html
INFO: [ app_init ] --START--
INFO: Run Behavior\BuildLiteBehavior [ RunTime:0.000027s ]
INFO: [ app_init ] --END-- [ RunTime:0.001057s ]
INFO: [ app_begin ] --START--
INFO: Run Behavior\ReadHtmlCacheBehavior [ RunTime:0.001640s ]
INFO: [ app_begin ] --END-- [ RunTime:0.001744s ]
INFO: [ app_end ] --START--
INFO: Run Behavior\ShowPageTraceBehavior [ RunTime:0.002927s ]
INFO: [ app_end ] --END-- [ RunTime:0.003059s ]

[ 2019-03-29T19:28:10+08:00 ] ::1 /bokechengxu/index.php/Login
INFO: [ app_init ] --START--
INFO: Run Behavior\BuildLiteBehavior [ RunTime:0.000017s ]
INFO: [ app_init ] --END-- [ RunTime:0.000807s ]
INFO: [ app_begin ] --START--
INFO: Run Behavior\ReadHtmlCacheBehavior [ RunTime:0.001404s ]
INFO: [ app_begin ] --END-- [ RunTime:0.001492s ]
INFO: [ view_parse ] --START--
INFO: [ template_filter ] --START--
INFO: Run Behavior\ContentReplaceBehavior [ RunTime:0.000071s ]
INFO: [ template_filter ] --END-- [ RunTime:0.000169s ]
INFO: Run Behavior\ParseTemplateBehavior [ RunTime:0.010341s ]
INFO: [ view_parse ] --END-- [ RunTime:0.010476s ]
INFO: [ view_filter ] --START--
INFO: Run Behavior\WriteHtmlCacheBehavior [ RunTime:0.001128s ]
INFO: [ view_filter ] --END-- [ RunTime:0.001232s ]
INFO: [ app_end ] --START--
INFO: Run Behavior\ShowPageTraceBehavior [ RunTime:0.001628s ]
INFO: [ app_end ] --END-- [ RunTime:0.001720s ]

[ 2019-03-29T19:28:10+08:00 ] ::1 /bokechengxu/index.php/Login/Index/verify.html
INFO: [ app_init ] --START--
INFO: Run Behavior\BuildLiteBehavior [ RunTime:0.000028s ]
INFO: [ app_init ] --END-- [ RunTime:0.001385s ]
INFO: [ app_begin ] --START--
INFO: Run Behavior\ReadHtmlCacheBehavior [ RunTime:0.001637s ]
INFO: [ app_begin ] --END-- [ RunTime:0.001759s ]
INFO: [ app_end ] --START--
INFO: Run Behavior\ShowPageTraceBehavior [ RunTime:0.001504s ]
INFO: [ app_end ] --END-- [ RunTime:0.001623s ]

[ 2019-03-29T19:28:14+08:00 ] ::1 /bokechengxu/index.php/Login/Index/verify.html?time=
INFO: [ app_init ] --START--
INFO: Run Behavior\BuildLiteBehavior [ RunTime:0.000026s ]
INFO: [ app_init ] --END-- [ RunTime:0.001131s ]
INFO: [ app_begin ] --START--
INFO: Run Behavior\ReadHtmlCacheBehavior [ RunTime:0.001122s ]
INFO: [ app_begin ] --END-- [ RunTime:0.001211s ]
INFO: [ app_end ] --START--
INFO: Run Behavior\ShowPageTraceBehavior [ RunTime:0.000889s ]
INFO: [ app_end ] --END-- [ RunTime:0.000959s ]

[ 2019-03-29T19:28:17+08:00 ] ::1 /bokechengxu/index.php/Login/Index/verify.html?time=?time=
INFO: [ app_init ] --START--
INFO: Run Behavior\BuildLiteBehavior [ RunTime:0.000016s ]
INFO: [ app_init ] --END-- [ RunTime:0.000661s ]
INFO: [ app_begin ] --START--
INFO: Run Behavior\ReadHtmlCacheBehavior [ RunTime:0.000942s ]
INFO: [ app_begin ] --END-- [ RunTime:0.001020s ]
INFO: [ app_end ] --START--
INFO: Run Behavior\ShowPageTraceBehavior [ RunTime:0.000936s ]
INFO: [ app_end ] --END-- [ RunTime:0.001006s ]

[ 2019-03-29T19:28:18+08:00 ] ::1 /bokechengxu/index.php/Login/Index/verify.html?time=?time=?time=
INFO: [ app_init ] --START--
INFO: Run Behavior\BuildLiteBehavior [ RunTime:0.000020s ]
INFO: [ app_init ] --END-- [ RunTime:0.001014s ]
INFO: [ app_begin ] --START--
INFO: Run Behavior\ReadHtmlCacheBehavior [ RunTime:0.001173s ]
INFO: [ app_begin ] --END-- [ RunTime:0.001467s ]
INFO: [ app_end ] --START--
INFO: Run Behavior\ShowPageTraceBehavior [ RunTime:0.001604s ]
INFO: [ app_end ] --END-- [ RunTime:0.001711s ]

[ 2019-03-29T19:28:19+08:00 ] ::1 /bokechengxu/index.php/Login/Index/verify.html?time=?time=?time=?time=
INFO: [ app_init ] --START--
INFO: Run Behavior\BuildLiteBehavior [ RunTime:0.000021s ]
INFO: [ app_init ] --END-- [ RunTime:0.000952s ]
INFO: [ app_begin ] --START--
INFO: Run Behavior\ReadHtmlCacheBehavior [ RunTime:0.001201s ]
INFO: [ app_begin ] --END-- [ RunTime:0.001285s ]
INFO: [ app_end ] --START--
INFO: Run Behavior\ShowPageTraceBehavior [ RunTime:0.001402s ]
INFO: [ app_end ] --END-- [ RunTime:0.001500s ]

[ 2019-03-29T19:28:46+08:00 ] ::1 /bokechengxu/index.php/Login
INFO: [ app_init ] --START--
INFO: Run Behavior\BuildLiteBehavior [ RunTime:0.000019s ]
INFO: [ app_init ] --END-- [ RunTime:0.000802s ]
INFO: [ app_begin ] --START--
INFO: Run Behavior\ReadHtmlCacheBehavior [ RunTime:0.001063s ]
INFO: [ app_begin ] --END-- [ RunTime:0.001146s ]
INFO: [ view_parse ] --START--
INFO: [ template_filter ] --START--
INFO: Run Behavior\ContentReplaceBehavior [ RunTime:0.000048s ]
INFO: [ template_filter ] --END-- [ RunTime:0.000107s ]
INFO: Run Behavior\ParseTemplateBehavior [ RunTime:0.009234s ]
INFO: [ view_parse ] --END-- [ RunTime:0.009321s ]
INFO: [ view_filter ] --START--
INFO: Run Behavior\WriteHtmlCacheBehavior [ RunTime:0.000603s ]
INFO: [ view_filter ] --END-- [ RunTime:0.000667s ]
INFO: [ app_end ] --START--
INFO: Run Behavior\ShowPageTraceBehavior [ RunTime:0.000920s ]
INFO: [ app_end ] --END-- [ RunTime:0.000970s ]

[ 2019-03-29T19:28:47+08:00 ] ::1 /bokechengxu/index.php/Login/Index/verify.html
INFO: [ app_init ] --START--
INFO: Run Behavior\BuildLiteBehavior [ RunTime:0.000026s ]
INFO: [ app_init ] --END-- [ RunTime:0.001049s ]
INFO: [ app_begin ] --START--
INFO: Run Behavior\ReadHtmlCacheBehavior [ RunTime:0.001256s ]
INFO: [ app_begin ] --END-- [ RunTime:0.001351s ]
INFO: [ app_end ] --START--
INFO: Run Behavior\ShowPageTraceBehavior [ RunTime:0.001972s ]
INFO: [ app_end ] --END-- [ RunTime:0.002094s ]

[ 2019-03-29T19:28:48+08:00 ] ::1 /bokechengxu/index.php/Login
INFO: [ app_init ] --START--
INFO: Run Behavior\BuildLiteBehavior [ RunTime:0.000024s ]
INFO: [ app_init ] --END-- [ RunTime:0.001024s ]
INFO: [ app_begin ] --START--
INFO: Run Behavior\ReadHtmlCacheBehavior [ RunTime:0.001188s ]
INFO: [ app_begin ] --END-- [ RunTime:0.001277s ]
INFO: [ view_parse ] --START--
INFO: [ template_filter ] --START--
INFO: Run Behavior\ContentReplaceBehavior [ RunTime:0.000050s ]
INFO: [ template_filter ] --END-- [ RunTime:0.000113s ]
INFO: Run Behavior\ParseTemplateBehavior [ RunTime:0.011047s ]
INFO: [ view_parse ] --END-- [ RunTime:0.011145s ]
INFO: [ view_filter ] --START--
INFO: Run Behavior\WriteHtmlCacheBehavior [ RunTime:0.000833s ]
INFO: [ view_filter ] --END-- [ RunTime:0.000901s ]
INFO: [ app_end ] --START--
INFO: Run Behavior\ShowPageTraceBehavior [ RunTime:0.001108s ]
INFO: [ app_end ] --END-- [ RunTime:0.001182s ]

[ 2019-03-29T19:28:48+08:00 ] ::1 /bokechengxu/index.php/Login/Index/verify.html
INFO: [ app_init ] --START--
INFO: Run Behavior\BuildLiteBehavior [ RunTime:0.000022s ]
INFO: [ app_init ] --END-- [ RunTime:0.000959s ]
INFO: [ app_begin ] --START--
INFO: Run Behavior\ReadHtmlCacheBehavior [ RunTime:0.001392s ]
INFO: [ app_begin ] --END-- [ RunTime:0.001506s ]
INFO: [ app_end ] --START--
INFO: Run Behavior\ShowPageTraceBehavior [ RunTime:0.001792s ]
INFO: [ app_end ] --END-- [ RunTime:0.001910s ]

[ 2019-03-29T19:28:49+08:00 ] ::1 /bokechengxu/index.php/Login
INFO: [ app_init ] --START--
INFO: Run Behavior\BuildLiteBehavior [ RunTime:0.000015s ]
INFO: [ app_init ] --END-- [ RunTime:0.000742s ]
INFO: [ app_begin ] --START--
INFO: Run Behavior\ReadHtmlCacheBehavior [ RunTime:0.001047s ]
INFO: [ app_begin ] --END-- [ RunTime:0.001158s ]
INFO: [ view_parse ] --START--
INFO: [ template_filter ] --START--
INFO: Run Behavior\ContentReplaceBehavior [ RunTime:0.000073s ]
INFO: [ template_filter ] --END-- [ RunTime:0.000164s ]
INFO: Run Behavior\ParseTemplateBehavior [ RunTime:0.008666s ]
INFO: [ view_parse ] --END-- [ RunTime:0.008732s ]
INFO: [ view_filter ] --START--
INFO: Run Behavior\WriteHtmlCacheBehavior [ RunTime:0.000642s ]
INFO: [ view_filter ] --END-- [ RunTime:0.000687s ]
INFO: [ app_end ] --START--
INFO: Run Behavior\ShowPageTraceBehavior [ RunTime:0.000904s ]
INFO: [ app_end ] --END-- [ RunTime:0.000950s ]

[ 2019-03-29T19:28:49+08:00 ] ::1 /bokechengxu/index.php/Login/Index/verify.html
INFO: [ app_init ] --START--
INFO: Run Behavior\BuildLiteBehavior [ RunTime:0.000024s ]
INFO: [ app_init ] --END-- [ RunTime:0.000984s ]
INFO: [ app_begin ] --START--
INFO: Run Behavior\ReadHtmlCacheBehavior [ RunTime:0.001604s ]
INFO: [ app_begin ] --END-- [ RunTime:0.001688s ]
INFO: [ app_end ] --START--
INFO: Run Behavior\ShowPageTraceBehavior [ RunTime:0.001255s ]
INFO: [ app_end ] --END-- [ RunTime:0.001404s ]

[ 2019-03-29T19:28:49+08:00 ] ::1 /bokechengxu/index.php/Login
INFO: [ app_init ] --START--
INFO: Run Behavior\BuildLiteBehavior [ RunTime:0.000016s ]
INFO: [ app_init ] --END-- [ RunTime:0.000760s ]
INFO: [ app_begin ] --START--
INFO: Run Behavior\ReadHtmlCacheBehavior [ RunTime:0.001497s ]
INFO: [ app_begin ] --END-- [ RunTime:0.001576s ]
INFO: [ view_parse ] --START--
INFO: [ template_filter ] --START--
INFO: Run Behavior\ContentReplaceBehavior [ RunTime:0.000046s ]
INFO: [ template_filter ] --END-- [ RunTime:0.000108s ]
INFO: Run Behavior\ParseTemplateBehavior [ RunTime:0.007546s ]
INFO: [ view_parse ] --END-- [ RunTime:0.007617s ]
INFO: [ view_filter ] --START--
INFO: Run Behavior\WriteHtmlCacheBehavior [ RunTime:0.000647s ]
INFO: [ view_filter ] --END-- [ RunTime:0.000692s ]
INFO: [ app_end ] --START--
INFO: Run Behavior\ShowPageTraceBehavior [ RunTime:0.000883s ]
INFO: [ app_end ] --END-- [ RunTime:0.000931s ]

[ 2019-03-29T19:28:49+08:00 ] ::1 /bokechengxu/index.php/Login/Index/verify.html
INFO: [ app_init ] --START--
INFO: Run Behavior\BuildLiteBehavior [ RunTime:0.000026s ]
INFO: [ app_init ] --END-- [ RunTime:0.000803s ]
INFO: [ app_begin ] --START--
INFO: Run Behavior\ReadHtmlCacheBehavior [ RunTime:0.001700s ]
INFO: [ app_begin ] --END-- [ RunTime:0.001873s ]
INFO: [ app_end ] --START--
INFO: Run Behavior\ShowPageTraceBehavior [ RunTime:0.000967s ]
INFO: [ app_end ] --END-- [ RunTime:0.001036s ]

[ 2019-03-29T19:28:50+08:00 ] ::1 /bokechengxu/index.php/Login
INFO: [ app_init ] --START--
INFO: Run Behavior\BuildLiteBehavior [ RunTime:0.000017s ]
INFO: [ app_init ] --END-- [ RunTime:0.000841s ]
INFO: [ app_begin ] --START--
INFO: Run Behavior\ReadHtmlCacheBehavior [ RunTime:0.000854s ]
INFO: [ app_begin ] --END-- [ RunTime:0.000914s ]
INFO: [ view_parse ] --START--
INFO: [ template_filter ] --START--
INFO: Run Behavior\ContentReplaceBehavior [ RunTime:0.000046s ]
INFO: [ template_filter ] --END-- [ RunTime:0.000105s ]
INFO: Run Behavior\ParseTemplateBehavior [ RunTime:0.007326s ]
INFO: [ view_parse ] --END-- [ RunTime:0.007388s ]
INFO: [ view_filter ] --START--
INFO: Run Behavior\WriteHtmlCacheBehavior [ RunTime:0.000799s ]
INFO: [ view_filter ] --END-- [ RunTime:0.000844s ]
INFO: [ app_end ] --START--
INFO: Run Behavior\ShowPageTraceBehavior [ RunTime:0.001443s ]
INFO: [ app_end ] --END-- [ RunTime:0.001540s ]

[ 2019-03-29T19:28:50+08:00 ] ::1 /bokechengxu/index.php/Login/Index/verify.html
INFO: [ app_init ] --START--
INFO: Run Behavior\BuildLiteBehavior [ RunTime:0.000018s ]
INFO: [ app_init ] --END-- [ RunTime:0.000855s ]
INFO: [ app_begin ] --START--
INFO: Run Behavior\ReadHtmlCacheBehavior [ RunTime:0.002018s ]
INFO: [ app_begin ] --END-- [ RunTime:0.002132s ]
INFO: [ app_end ] --START--
INFO: Run Behavior\ShowPageTraceBehavior [ RunTime:0.001626s ]
INFO: [ app_end ] --END-- [ RunTime:0.001817s ]

[ 2019-03-29T19:28:50+08:00 ] ::1 /bokechengxu/index.php/Login
INFO: [ app_init ] --START--
INFO: Run Behavior\BuildLiteBehavior [ RunTime:0.000019s ]
INFO: [ app_init ] --END-- [ RunTime:0.000767s ]
INFO: [ app_begin ] --START--
INFO: Run Behavior\ReadHtmlCacheBehavior [ RunTime:0.001351s ]
INFO: [ app_begin ] --END-- [ RunTime:0.001447s ]
INFO: [ view_parse ] --START--
INFO: [ template_filter ] --START--
INFO: Run Behavior\ContentReplaceBehavior [ RunTime:0.000047s ]
INFO: [ template_filter ] --END-- [ RunTime:0.000109s ]
INFO: Run Behavior\ParseTemplateBehavior [ RunTime:0.009363s ]
INFO: [ view_parse ] --END-- [ RunTime:0.009461s ]
INFO: [ view_filter ] --START--
INFO: Run Behavior\WriteHtmlCacheBehavior [ RunTime:0.000933s ]
INFO: [ view_filter ] --END-- [ RunTime:0.001025s ]
INFO: [ app_end ] --START--
INFO: Run Behavior\ShowPageTraceBehavior [ RunTime:0.001445s ]
INFO: [ app_end ] --END-- [ RunTime:0.001754s ]

[ 2019-03-29T19:28:50+08:00 ] ::1 /bokechengxu/index.php/Login/Index/verify.html
INFO: [ app_init ] --START--
INFO: Run Behavior\BuildLiteBehavior [ RunTime:0.000024s ]
INFO: [ app_init ] --END-- [ RunTime:0.000863s ]
INFO: [ app_begin ] --START--
INFO: Run Behavior\ReadHtmlCacheBehavior [ RunTime:0.001239s ]
INFO: [ app_begin ] --END-- [ RunTime:0.001349s ]
INFO: [ app_end ] --START--
INFO: Run Behavior\ShowPageTraceBehavior [ RunTime:0.001427s ]
INFO: [ app_end ] --END-- [ RunTime:0.001543s ]

[ 2019-03-29T19:28:51+08:00 ] ::1 /bokechengxu/index.php/Login
INFO: [ app_init ] --START--
INFO: Run Behavior\BuildLiteBehavior [ RunTime:0.000016s ]
INFO: [ app_init ] --END-- [ RunTime:0.000689s ]
INFO: [ app_begin ] --START--
INFO: Run Behavior\ReadHtmlCacheBehavior [ RunTime:0.000873s ]
INFO: [ app_begin ] --END-- [ RunTime:0.000933s ]
INFO: [ view_parse ] --START--
INFO: [ template_filter ] --START--
INFO: Run Behavior\ContentReplaceBehavior [ RunTime:0.000050s ]
INFO: [ template_filter ] --END-- [ RunTime:0.000120s ]
INFO: Run Behavior\ParseTemplateBehavior [ RunTime:0.008689s ]
INFO: [ view_parse ] --END-- [ RunTime:0.008754s ]
INFO: [ view_filter ] --START--
INFO: Run Behavior\WriteHtmlCacheBehavior [ RunTime:0.000672s ]
INFO: [ view_filter ] --END-- [ RunTime:0.000717s ]
INFO: [ app_end ] --START--
INFO: Run Behavior\ShowPageTraceBehavior [ RunTime:0.001035s ]
INFO: [ app_end ] --END-- [ RunTime:0.001083s ]

[ 2019-03-29T19:28:51+08:00 ] ::1 /bokechengxu/index.php/Login/Index/verify.html
INFO: [ app_init ] --START--
INFO: Run Behavior\BuildLiteBehavior [ RunTime:0.000039s ]
INFO: [ app_init ] --END-- [ RunTime:0.001529s ]
INFO: [ app_begin ] --START--
INFO: Run Behavior\ReadHtmlCacheBehavior [ RunTime:0.001174s ]
INFO: [ app_begin ] --END-- [ RunTime:0.001258s ]
INFO: [ app_end ] --START--
INFO: Run Behavior\ShowPageTraceBehavior [ RunTime:0.001390s ]
INFO: [ app_end ] --END-- [ RunTime:0.001551s ]

[ 2019-03-29T19:28:51+08:00 ] ::1 /bokechengxu/index.php/Login
INFO: [ app_init ] --START--
INFO: Run Behavior\BuildLiteBehavior [ RunTime:0.000017s ]
INFO: [ app_init ] --END-- [ RunTime:0.000677s ]
INFO: [ app_begin ] --START--
INFO: Run Behavior\ReadHtmlCacheBehavior [ RunTime:0.001367s ]
INFO: [ app_begin ] --END-- [ RunTime:0.001504s ]
INFO: [ view_parse ] --START--
INFO: [ template_filter ] --START--
INFO: Run Behavior\ContentReplaceBehavior [ RunTime:0.000044s ]
INFO: [ template_filter ] --END-- [ RunTime:0.000102s ]
INFO: Run Behavior\ParseTemplateBehavior [ RunTime:0.007473s ]
INFO: [ view_parse ] --END-- [ RunTime:0.007540s ]
INFO: [ view_filter ] --START--
INFO: Run Behavior\WriteHtmlCacheBehavior [ RunTime:0.000780s ]
INFO: [ view_filter ] --END-- [ RunTime:0.000825s ]
INFO: [ app_end ] --START--
INFO: Run Behavior\ShowPageTraceBehavior [ RunTime:0.000831s ]
INFO: [ app_end ] --END-- [ RunTime:0.000876s ]

[ 2019-03-29T19:28:51+08:00 ] ::1 /bokechengxu/index.php/Login/Index/verify.html
INFO: [ app_init ] --START--
INFO: Run Behavior\BuildLiteBehavior [ RunTime:0.000017s ]
INFO: [ app_init ] --END-- [ RunTime:0.000856s ]
INFO: [ app_begin ] --START--
INFO: Run Behavior\ReadHtmlCacheBehavior [ RunTime:0.001299s ]
INFO: [ app_begin ] --END-- [ RunTime:0.001385s ]
INFO: [ app_end ] --START--
INFO: Run Behavior\ShowPageTraceBehavior [ RunTime:0.001307s ]
INFO: [ app_end ] --END-- [ RunTime:0.001404s ]

[ 2019-03-29T19:29:53+08:00 ] ::1 /bokechengxu/index.php/Login
INFO: [ app_init ] --START--
INFO: Run Behavior\BuildLiteBehavior [ RunTime:0.000024s ]
INFO: [ app_init ] --END-- [ RunTime:0.001264s ]
INFO: [ app_begin ] --START--
INFO: Run Behavior\ReadHtmlCacheBehavior [ RunTime:0.002100s ]
INFO: [ app_begin ] --END-- [ RunTime:0.002265s ]
INFO: [ view_parse ] --START--
INFO: [ template_filter ] --START--
INFO: Run Behavior\ContentReplaceBehavior [ RunTime:0.000089s ]
INFO: [ template_filter ] --END-- [ RunTime:0.000176s ]
INFO: Run Behavior\ParseTemplateBehavior [ RunTime:0.029679s ]
INFO: [ view_parse ] --END-- [ RunTime:0.029770s ]
INFO: [ view_filter ] --START--
INFO: Run Behavior\WriteHtmlCacheBehavior [ RunTime:0.001335s ]
INFO: [ view_filter ] --END-- [ RunTime:0.001418s ]
INFO: [ app_end ] --START--
INFO: Run Behavior\ShowPageTraceBehavior [ RunTime:0.001380s ]
INFO: [ app_end ] --END-- [ RunTime:0.001454s ]

[ 2019-03-29T19:29:53+08:00 ] ::1 /bokechengxu/index.php/Login/Index/verify.html
INFO: [ app_init ] --START--
INFO: Run Behavior\BuildLiteBehavior [ RunTime:0.000029s ]
INFO: [ app_init ] --END-- [ RunTime:0.001105s ]
INFO: [ app_begin ] --START--
INFO: Run Behavior\ReadHtmlCacheBehavior [ RunTime:0.001347s ]
INFO: [ app_begin ] --END-- [ RunTime:0.001451s ]
INFO: [ app_end ] --START--
INFO: Run Behavior\ShowPageTraceBehavior [ RunTime:0.001078s ]
INFO: [ app_end ] --END-- [ RunTime:0.001192s ]

[ 2019-03-29T19:31:24+08:00 ] ::1 /bokechengxu/index.php/Login
INFO: [ app_init ] --START--
INFO: Run Behavior\BuildLiteBehavior [ RunTime:0.000029s ]
INFO: [ app_init ] --END-- [ RunTime:0.000909s ]
INFO: [ app_begin ] --START--
INFO: Run Behavior\ReadHtmlCacheBehavior [ RunTime:0.000892s ]
INFO: [ app_begin ] --END-- [ RunTime:0.000954s ]
INFO: [ view_parse ] --START--
INFO: [ template_filter ] --START--
INFO: Run Behavior\ContentReplaceBehavior [ RunTime:0.000050s ]
INFO: [ template_filter ] --END-- [ RunTime:0.000116s ]
INFO: Run Behavior\ParseTemplateBehavior [ RunTime:0.015246s ]
INFO: [ view_parse ] --END-- [ RunTime:0.015330s ]
INFO: [ view_filter ] --START--
INFO: Run Behavior\WriteHtmlCacheBehavior [ RunTime:0.000985s ]
INFO: [ view_filter ] --END-- [ RunTime:0.001044s ]
INFO: [ app_end ] --START--
INFO: Run Behavior\ShowPageTraceBehavior [ RunTime:0.001162s ]
INFO: [ app_end ] --END-- [ RunTime:0.001232s ]

[ 2019-03-29T19:31:24+08:00 ] ::1 /bokechengxu/index.php/Login/Index/verify.html
INFO: [ app_init ] --START--
INFO: Run Behavior\BuildLiteBehavior [ RunTime:0.000019s ]
INFO: [ app_init ] --END-- [ RunTime:0.001083s ]
INFO: [ app_begin ] --START--
INFO: Run Behavior\ReadHtmlCacheBehavior [ RunTime:0.001844s ]
INFO: [ app_begin ] --END-- [ RunTime:0.002046s ]
INFO: [ app_end ] --START--
INFO: Run Behavior\ShowPageTraceBehavior [ RunTime:0.001447s ]
INFO: [ app_end ] --END-- [ RunTime:0.001570s ]

[ 2019-03-29T19:41:12+08:00 ] ::1 /bokechengxu/index.php/Login/Index/verify.html?time=
INFO: [ app_init ] --START--
INFO: Run Behavior\BuildLiteBehavior [ RunTime:0.000033s ]
INFO: [ app_init ] --END-- [ RunTime:0.001620s ]
INFO: [ app_begin ] --START--
INFO: Run Behavior\ReadHtmlCacheBehavior [ RunTime:0.000923s ]
INFO: [ app_begin ] --END-- [ RunTime:0.000990s ]
INFO: [ app_end ] --START--
INFO: Run Behavior\ShowPageTraceBehavior [ RunTime:0.000936s ]
INFO: [ app_end ] --END-- [ RunTime:0.001008s ]

[ 2019-03-29T19:41:12+08:00 ] ::1 /bokechengxu/index.php/Login/Index/verify.html?time=?time=
INFO: [ app_init ] --START--
INFO: Run Behavior\BuildLiteBehavior [ RunTime:0.000016s ]
INFO: [ app_init ] --END-- [ RunTime:0.000899s ]
INFO: [ app_begin ] --START--
INFO: Run Behavior\ReadHtmlCacheBehavior [ RunTime:0.000887s ]
INFO: [ app_begin ] --END-- [ RunTime:0.000951s ]
INFO: [ app_end ] --START--
INFO: Run Behavior\ShowPageTraceBehavior [ RunTime:0.000962s ]
INFO: [ app_end ] --END-- [ RunTime:0.001033s ]

[ 2019-03-29T19:41:13+08:00 ] ::1 /bokechengxu/index.php/Login/Index/verify.html?time=?time=?time=
INFO: [ app_init ] --START--
INFO: Run Behavior\BuildLiteBehavior [ RunTime:0.000017s ]
INFO: [ app_init ] --END-- [ RunTime:0.000718s ]
INFO: [ app_begin ] --START--
INFO: Run Behavior\ReadHtmlCacheBehavior [ RunTime:0.001126s ]
INFO: [ app_begin ] --END-- [ RunTime:0.001217s ]
INFO: [ app_end ] --START--
INFO: Run Behavior\ShowPageTraceBehavior [ RunTime:0.000902s ]
INFO: [ app_end ] --END-- [ RunTime:0.000971s ]

[ 2019-03-29T19:41:55+08:00 ] ::1 /bokechengxu/index.php/Login
INFO: [ app_init ] --START--
INFO: Run Behavior\BuildLiteBehavior [ RunTime:0.000029s ]
INFO: [ app_init ] --END-- [ RunTime:0.000889s ]
INFO: [ app_begin ] --START--
INFO: Run Behavior\ReadHtmlCacheBehavior [ RunTime:0.000834s ]
INFO: [ app_begin ] --END-- [ RunTime:0.000898s ]
INFO: [ view_parse ] --START--
INFO: [ template_filter ] --START--
INFO: Run Behavior\ContentReplaceBehavior [ RunTime:0.000148s ]
INFO: [ template_filter ] --END-- [ RunTime:0.000255s ]
INFO: Run Behavior\ParseTemplateBehavior [ RunTime:0.027780s ]
INFO: [ view_parse ] --END-- [ RunTime:0.027891s ]
INFO: [ view_filter ] --START--
INFO: Run Behavior\WriteHtmlCacheBehavior [ RunTime:0.001355s ]
INFO: [ view_filter ] --END-- [ RunTime:0.001444s ]
INFO: [ app_end ] --START--
INFO: Run Behavior\ShowPageTraceBehavior [ RunTime:0.001550s ]
INFO: [ app_end ] --END-- [ RunTime:0.001653s ]

[ 2019-03-29T19:41:55+08:00 ] ::1 /bokechengxu/index.php/Login/Index/verify.html
INFO: [ app_init ] --START--
INFO: Run Behavior\BuildLiteBehavior [ RunTime:0.000025s ]
INFO: [ app_init ] --END-- [ RunTime:0.000996s ]
INFO: [ app_begin ] --START--
INFO: Run Behavior\ReadHtmlCacheBehavior [ RunTime:0.001289s ]
INFO: [ app_begin ] --END-- [ RunTime:0.001385s ]
INFO: [ app_end ] --START--
INFO: Run Behavior\ShowPageTraceBehavior [ RunTime:0.002033s ]
INFO: [ app_end ] --END-- [ RunTime:0.002193s ]

[ 2019-03-29T19:44:02+08:00 ] ::1 /bokechengxu/index.php/Login
INFO: [ app_init ] --START--
INFO: Run Behavior\BuildLiteBehavior [ RunTime:0.000073s ]
INFO: [ app_init ] --END-- [ RunTime:0.001149s ]
INFO: [ app_begin ] --START--
INFO: Run Behavior\ReadHtmlCacheBehavior [ RunTime:0.001051s ]
INFO: [ app_begin ] --END-- [ RunTime:0.001130s ]
INFO: [ view_parse ] --START--
INFO: [ template_filter ] --START--
INFO: Run Behavior\ContentReplaceBehavior [ RunTime:0.000049s ]
INFO: [ template_filter ] --END-- [ RunTime:0.000112s ]
INFO: Run Behavior\ParseTemplateBehavior [ RunTime:0.012106s ]
INFO: [ view_parse ] --END-- [ RunTime:0.012194s ]
INFO: [ view_filter ] --START--
INFO: Run Behavior\WriteHtmlCacheBehavior [ RunTime:0.000900s ]
INFO: [ view_filter ] --END-- [ RunTime:0.000971s ]
INFO: [ app_end ] --START--
INFO: Run Behavior\ShowPageTraceBehavior [ RunTime:0.001240s ]
INFO: [ app_end ] --END-- [ RunTime:0.001307s ]

[ 2019-03-29T19:44:02+08:00 ] ::1 /bokechengxu/index.php/Login/Index/verify.html
INFO: [ app_init ] --START--
INFO: Run Behavior\BuildLiteBehavior [ RunTime:0.000025s ]
INFO: [ app_init ] --END-- [ RunTime:0.001025s ]
INFO: [ app_begin ] --START--
INFO: Run Behavior\ReadHtmlCacheBehavior [ RunTime:0.002168s ]
INFO: [ app_begin ] --END-- [ RunTime:0.002464s ]
INFO: [ app_end ] --START--
INFO: Run Behavior\ShowPageTraceBehavior [ RunTime:0.001515s ]
INFO: [ app_end ] --END-- [ RunTime:0.001645s ]

[ 2019-03-29T19:44:19+08:00 ] ::1 /bokechengxu/index.php/Login
INFO: [ app_init ] --START--
INFO: Run Behavior\BuildLiteBehavior [ RunTime:0.000016s ]
INFO: [ app_init ] --END-- [ RunTime:0.000849s ]
INFO: [ app_begin ] --START--
INFO: Run Behavior\ReadHtmlCacheBehavior [ RunTime:0.000881s ]
INFO: [ app_begin ] --END-- [ RunTime:0.000961s ]
INFO: [ view_parse ] --START--
INFO: [ template_filter ] --START--
INFO: Run Behavior\ContentReplaceBehavior [ RunTime:0.000067s ]
INFO: [ template_filter ] --END-- [ RunTime:0.000148s ]
INFO: Run Behavior\ParseTemplateBehavior [ RunTime:0.010279s ]
INFO: [ view_parse ] --END-- [ RunTime:0.010381s ]
INFO: [ view_filter ] --START--
INFO: Run Behavior\WriteHtmlCacheBehavior [ RunTime:0.001141s ]
INFO: [ view_filter ] --END-- [ RunTime:0.001204s ]
INFO: [ app_end ] --START--
INFO: Run Behavior\ShowPageTraceBehavior [ RunTime:0.001084s ]
INFO: [ app_end ] --END-- [ RunTime:0.001155s ]

[ 2019-03-29T19:44:20+08:00 ] ::1 /bokechengxu/index.php/Login/Index/verify.html
INFO: [ app_init ] --START--
INFO: Run Behavior\BuildLiteBehavior [ RunTime:0.000028s ]
INFO: [ app_init ] --END-- [ RunTime:0.001582s ]
INFO: [ app_begin ] --START--
INFO: Run Behavior\ReadHtmlCacheBehavior [ RunTime:0.001295s ]
INFO: [ app_begin ] --END-- [ RunTime:0.001409s ]
INFO: [ app_end ] --START--
INFO: Run Behavior\ShowPageTraceBehavior [ RunTime:0.001933s ]
INFO: [ app_end ] --END-- [ RunTime:0.002049s ]

[ 2019-03-29T19:44:31+08:00 ] ::1 /bokechengxu/index.php/Login/Index/verify.html?time=
INFO: [ app_init ] --START--
INFO: Run Behavior\BuildLiteBehavior [ RunTime:0.000024s ]
INFO: [ app_init ] --END-- [ RunTime:0.000840s ]
INFO: [ app_begin ] --START--
INFO: Run Behavior\ReadHtmlCacheBehavior [ RunTime:0.001022s ]
INFO: [ app_begin ] --END-- [ RunTime:0.001098s ]
INFO: [ app_end ] --START--
INFO: Run Behavior\ShowPageTraceBehavior [ RunTime:0.001076s ]
INFO: [ app_end ] --END-- [ RunTime:0.001162s ]

[ 2019-03-29T19:44:39+08:00 ] ::1 /bokechengxu/index.php/Login/Index/login.html
INFO: [ app_init ] --START--
INFO: Run Behavior\BuildLiteBehavior [ RunTime:0.000023s ]
INFO: [ app_init ] --END-- [ RunTime:0.000964s ]
INFO: [ app_begin ] --START--
INFO: Run Behavior\ReadHtmlCacheBehavior [ RunTime:0.001207s ]
INFO: [ app_begin ] --END-- [ RunTime:0.001304s ]
NOTIC: [8] Undefined index: identity D:\phpStudy\PHPTutorial\WWW\bokechengxu\Application\Login\Controller\IndexController.class.php 第 41 行.
SQL: SHOW COLUMNS FROM `xyfw_user` [ RunTime:0.0106s ]
SQL: SHOW COLUMNS FROM `xyfw_user` [ RunTime:0.0101s ]
SQL: SELECT * FROM `xyfw_user` WHERE `username` = 'admin' LIMIT 1   [ RunTime:0.0007s ]

[ 2019-03-29T19:46:44+08:00 ] ::1 /bokechengxu/index.php/Login/Index/quit.html
INFO: [ app_init ] --START--
INFO: Run Behavior\BuildLiteBehavior [ RunTime:0.000017s ]
INFO: [ app_init ] --END-- [ RunTime:0.000921s ]
INFO: [ app_begin ] --START--
INFO: Run Behavior\ReadHtmlCacheBehavior [ RunTime:0.000988s ]
INFO: [ app_begin ] --END-- [ RunTime:0.001047s ]

[ 2019-03-29T19:46:44+08:00 ] ::1 /bokechengxu/index.php/Login/Index/index.html
INFO: [ app_init ] --START--
INFO: Run Behavior\BuildLiteBehavior [ RunTime:0.000015s ]
INFO: [ app_init ] --END-- [ RunTime:0.000681s ]
INFO: [ app_begin ] --START--
INFO: Run Behavior\ReadHtmlCacheBehavior [ RunTime:0.001381s ]
INFO: [ app_begin ] --END-- [ RunTime:0.001492s ]
INFO: [ view_parse ] --START--
INFO: [ template_filter ] --START--
INFO: Run Behavior\ContentReplaceBehavior [ RunTime:0.000046s ]
INFO: [ template_filter ] --END-- [ RunTime:0.000106s ]
INFO: Run Behavior\ParseTemplateBehavior [ RunTime:0.009949s ]
INFO: [ view_parse ] --END-- [ RunTime:0.010042s ]
INFO: [ view_filter ] --START--
INFO: Run Behavior\WriteHtmlCacheBehavior [ RunTime:0.000721s ]
INFO: [ view_filter ] --END-- [ RunTime:0.000765s ]
INFO: [ app_end ] --START--
INFO: Run Behavior\ShowPageTraceBehavior [ RunTime:0.002123s ]
INFO: [ app_end ] --END-- [ RunTime:0.002185s ]

[ 2019-03-29T19:46:44+08:00 ] ::1 /bokechengxu/index.php/Login/Index/verify.html
INFO: [ app_init ] --START--
INFO: Run Behavior\BuildLiteBehavior [ RunTime:0.000026s ]
INFO: [ app_init ] --END-- [ RunTime:0.000836s ]
INFO: [ app_begin ] --START--
INFO: Run Behavior\ReadHtmlCacheBehavior [ RunTime:0.001340s ]
INFO: [ app_begin ] --END-- [ RunTime:0.001441s ]
INFO: [ app_end ] --START--
INFO: Run Behavior\ShowPageTraceBehavior [ RunTime:0.001553s ]
INFO: [ app_end ] --END-- [ RunTime:0.001663s ]

[ 2019-03-29T19:46:50+08:00 ] ::1 /bokechengxu/index.php/Login/Index/request.html
INFO: [ app_init ] --START--
INFO: Run Behavior\BuildLiteBehavior [ RunTime:0.000016s ]
INFO: [ app_init ] --END-- [ RunTime:0.000711s ]
INFO: [ app_begin ] --START--
INFO: Run Behavior\ReadHtmlCacheBehavior [ RunTime:0.000930s ]
INFO: [ app_begin ] --END-- [ RunTime:0.000991s ]
ERR: 非法操作:request

[ 2019-03-29T19:47:05+08:00 ] ::1 /bokechengxu/index.php/Login/Index/register.html
INFO: [ app_init ] --START--
INFO: Run Behavior\BuildLiteBehavior [ RunTime:0.000023s ]
INFO: [ app_init ] --END-- [ RunTime:0.000946s ]
INFO: [ app_begin ] --START--
INFO: Run Behavior\ReadHtmlCacheBehavior [ RunTime:0.001001s ]
INFO: [ app_begin ] --END-- [ RunTime:0.001074s ]

[ 2019-03-29T19:47:05+08:00 ] ::1 /bokechengxu/index.php/Login/Index/index.html
INFO: [ app_init ] --START--
INFO: Run Behavior\BuildLiteBehavior [ RunTime:0.000024s ]
INFO: [ app_init ] --END-- [ RunTime:0.000900s ]
INFO: [ app_begin ] --START--
INFO: Run Behavior\ReadHtmlCacheBehavior [ RunTime:0.001128s ]
INFO: [ app_begin ] --END-- [ RunTime:0.001220s ]
INFO: [ view_parse ] --START--
INFO: [ template_filter ] --START--
INFO: Run Behavior\ContentReplaceBehavior [ RunTime:0.000045s ]
INFO: [ template_filter ] --END-- [ RunTime:0.000105s ]
INFO: Run Behavior\ParseTemplateBehavior [ RunTime:0.007610s ]
INFO: [ view_parse ] --END-- [ RunTime:0.007675s ]
INFO: [ view_filter ] --START--
INFO: Run Behavior\WriteHtmlCacheBehavior [ RunTime:0.001956s ]
INFO: [ view_filter ] --END-- [ RunTime:0.002035s ]
INFO: [ app_end ] --START--
INFO: Run Behavior\ShowPageTraceBehavior [ RunTime:0.001464s ]
INFO: [ app_end ] --END-- [ RunTime:0.001562s ]

[ 2019-03-29T19:47:05+08:00 ] ::1 /bokechengxu/index.php/Login/Index/verify.html
INFO: [ app_init ] --START--
INFO: Run Behavior\BuildLiteBehavior [ RunTime:0.000026s ]
INFO: [ app_init ] --END-- [ RunTime:0.001026s ]
INFO: [ app_begin ] --START--
INFO: Run Behavior\ReadHtmlCacheBehavior [ RunTime:0.001542s ]
INFO: [ app_begin ] --END-- [ RunTime:0.001645s ]
INFO: [ app_end ] --START--
INFO: Run Behavior\ShowPageTraceBehavior [ RunTime:0.001676s ]
INFO: [ app_end ] --END-- [ RunTime:0.001798s ]

[ 2019-03-29T19:47:14+08:00 ] ::1 /bokechengxu/index.php/Login/Index/verify.html?time=
INFO: [ app_init ] --START--
INFO: Run Behavior\BuildLiteBehavior [ RunTime:0.000016s ]
INFO: [ app_init ] --END-- [ RunTime:0.000732s ]
INFO: [ app_begin ] --START--
INFO: Run Behavior\ReadHtmlCacheBehavior [ RunTime:0.001019s ]
INFO: [ app_begin ] --END-- [ RunTime:0.001088s ]
INFO: [ app_end ] --START--
INFO: Run Behavior\ShowPageTraceBehavior [ RunTime:0.001553s ]
INFO: [ app_end ] --END-- [ RunTime:0.001714s ]

[ 2019-03-29T19:47:15+08:00 ] ::1 /bokechengxu/index.php/Login/Index/verify.html?time=?time=
INFO: [ app_init ] --START--
INFO: Run Behavior\BuildLiteBehavior [ RunTime:0.000016s ]
INFO: [ app_init ] --END-- [ RunTime:0.000695s ]
INFO: [ app_begin ] --START--
INFO: Run Behavior\ReadHtmlCacheBehavior [ RunTime:0.000878s ]
INFO: [ app_begin ] --END-- [ RunTime:0.000947s ]
INFO: [ app_end ] --START--
INFO: Run Behavior\ShowPageTraceBehavior [ RunTime:0.000884s ]
INFO: [ app_end ] --END-- [ RunTime:0.000948s ]

[ 2019-03-29T19:47:23+08:00 ] ::1 /bokechengxu/index.php/Login/Index/login.html
INFO: [ app_init ] --START--
INFO: Run Behavior\BuildLiteBehavior [ RunTime:0.000025s ]
INFO: [ app_init ] --END-- [ RunTime:0.001121s ]
INFO: [ app_begin ] --START--
INFO: Run Behavior\ReadHtmlCacheBehavior [ RunTime:0.001467s ]
INFO: [ app_begin ] --END-- [ RunTime:0.001577s ]
NOTIC: [8] Undefined index: identity D:\phpStudy\PHPTutorial\WWW\bokechengxu\Application\Login\Controller\IndexController.class.php 第 41 行.
SQL: SHOW COLUMNS FROM `xyfw_user` [ RunTime:0.0106s ]
SQL: SHOW COLUMNS FROM `xyfw_user` [ RunTime:0.0122s ]
SQL: SELECT * FROM `xyfw_user` WHERE `username` = 'admin1' LIMIT 1   [ RunTime:0.0007s ]
INFO: [ view_parse ] --START--
INFO: [ template_filter ] --START--
INFO: Run Behavior\ContentReplaceBehavior [ RunTime:0.000065s ]
INFO: [ template_filter ] --END-- [ RunTime:0.000163s ]
INFO: Run Behavior\ParseTemplateBehavior [ RunTime:0.012281s ]
INFO: [ view_parse ] --END-- [ RunTime:0.012500s ]
INFO: [ view_filter ] --START--
INFO: Run Behavior\WriteHtmlCacheBehavior [ RunTime:0.001238s ]
INFO: [ view_filter ] --END-- [ RunTime:0.001341s ]

[ 2019-03-29T19:47:26+08:00 ] ::1 /bokechengxu/index.php/Login/Index/index.html
INFO: [ app_init ] --START--
INFO: Run Behavior\BuildLiteBehavior [ RunTime:0.000016s ]
INFO: [ app_init ] --END-- [ RunTime:0.000721s ]
INFO: [ app_begin ] --START--
INFO: Run Behavior\ReadHtmlCacheBehavior [ RunTime:0.000930s ]
INFO: [ app_begin ] --END-- [ RunTime:0.001009s ]
INFO: [ view_parse ] --START--
INFO: [ template_filter ] --START--
INFO: Run Behavior\ContentReplaceBehavior [ RunTime:0.000047s ]
INFO: [ template_filter ] --END-- [ RunTime:0.000123s ]
INFO: Run Behavior\ParseTemplateBehavior [ RunTime:0.009893s ]
INFO: [ view_parse ] --END-- [ RunTime:0.009951s ]
INFO: [ view_filter ] --START--
INFO: Run Behavior\WriteHtmlCacheBehavior [ RunTime:0.000705s ]
INFO: [ view_filter ] --END-- [ RunTime:0.000772s ]
INFO: [ app_end ] --START--
INFO: Run Behavior\ShowPageTraceBehavior [ RunTime:0.001108s ]
INFO: [ app_end ] --END-- [ RunTime:0.001171s ]

[ 2019-03-29T19:47:26+08:00 ] ::1 /bokechengxu/index.php/Login/Index/verify.html
INFO: [ app_init ] --START--
INFO: Run Behavior\BuildLiteBehavior [ RunTime:0.000029s ]
INFO: [ app_init ] --END-- [ RunTime:0.003380s ]
INFO: [ app_begin ] --START--
INFO: Run Behavior\ReadHtmlCacheBehavior [ RunTime:0.001464s ]
INFO: [ app_begin ] --END-- [ RunTime:0.001567s ]
INFO: [ app_end ] --START--
INFO: Run Behavior\ShowPageTraceBehavior [ RunTime:0.001000s ]
INFO: [ app_end ] --END-- [ RunTime:0.001078s ]

[ 2019-03-29T19:47:36+08:00 ] ::1 /bokechengxu/index.php/Login/Index/quext.html
INFO: [ app_init ] --START--
INFO: Run Behavior\BuildLiteBehavior [ RunTime:0.000028s ]
INFO: [ app_init ] --END-- [ RunTime:0.001123s ]
INFO: [ app_begin ] --START--
INFO: Run Behavior\ReadHtmlCacheBehavior [ RunTime:0.001336s ]
INFO: [ app_begin ] --END-- [ RunTime:0.001420s ]
ERR: 非法操作:quext

[ 2019-03-29T19:47:43+08:00 ] ::1 /bokechengxu/index.php/Login/Index/register.html
INFO: [ app_init ] --START--
INFO: Run Behavior\BuildLiteBehavior [ RunTime:0.000016s ]
INFO: [ app_init ] --END-- [ RunTime:0.000649s ]
INFO: [ app_begin ] --START--
INFO: Run Behavior\ReadHtmlCacheBehavior [ RunTime:0.000864s ]
INFO: [ app_begin ] --END-- [ RunTime:0.000935s ]

[ 2019-03-29T19:47:43+08:00 ] ::1 /bokechengxu/index.php/Login/Index/index.html
INFO: [ app_init ] --START--
INFO: Run Behavior\BuildLiteBehavior [ RunTime:0.000025s ]
INFO: [ app_init ] --END-- [ RunTime:0.000840s ]
INFO: [ app_begin ] --START--
INFO: Run Behavior\ReadHtmlCacheBehavior [ RunTime:0.001360s ]
INFO: [ app_begin ] --END-- [ RunTime:0.001487s ]
INFO: [ view_parse ] --START--
INFO: [ template_filter ] --START--
INFO: Run Behavior\ContentReplaceBehavior [ RunTime:0.000054s ]
INFO: [ template_filter ] --END-- [ RunTime:0.000118s ]
INFO: Run Behavior\ParseTemplateBehavior [ RunTime:0.011520s ]
INFO: [ view_parse ] --END-- [ RunTime:0.011611s ]
INFO: [ view_filter ] --START--
INFO: Run Behavior\WriteHtmlCacheBehavior [ RunTime:0.000631s ]
INFO: [ view_filter ] --END-- [ RunTime:0.000679s ]
INFO: [ app_end ] --START--
INFO: Run Behavior\ShowPageTraceBehavior [ RunTime:0.000841s ]
INFO: [ app_end ] --END-- [ RunTime:0.000892s ]

[ 2019-03-29T19:47:43+08:00 ] ::1 /bokechengxu/index.php/Login/Index/verify.html
INFO: [ app_init ] --START--
INFO: Run Behavior\BuildLiteBehavior [ RunTime:0.000032s ]
INFO: [ app_init ] --END-- [ RunTime:0.001089s ]
INFO: [ app_begin ] --START--
INFO: Run Behavior\ReadHtmlCacheBehavior [ RunTime:0.005479s ]
INFO: [ app_begin ] --END-- [ RunTime:0.005618s ]
INFO: [ app_end ] --START--
INFO: Run Behavior\ShowPageTraceBehavior [ RunTime:0.001582s ]
INFO: [ app_end ] --END-- [ RunTime:0.001721s ]

[ 2019-03-29T19:47:51+08:00 ] ::1 /bokechengxu/index.php/Login/Index/register.html
INFO: [ app_init ] --START--
INFO: Run Behavior\BuildLiteBehavior [ RunTime:0.000016s ]
INFO: [ app_init ] --END-- [ RunTime:0.000756s ]
INFO: [ app_begin ] --START--
INFO: Run Behavior\ReadHtmlCacheBehavior [ RunTime:0.001034s ]
INFO: [ app_begin ] --END-- [ RunTime:0.001099s ]

[ 2019-03-29T19:47:51+08:00 ] ::1 /bokechengxu/index.php/Login/Index/index.html
INFO: [ app_init ] --START--
INFO: Run Behavior\BuildLiteBehavior [ RunTime:0.000016s ]
INFO: [ app_init ] --END-- [ RunTime:0.000654s ]
INFO: [ app_begin ] --START--
INFO: Run Behavior\ReadHtmlCacheBehavior [ RunTime:0.001270s ]
INFO: [ app_begin ] --END-- [ RunTime:0.001364s ]
INFO: [ view_parse ] --START--
INFO: [ template_filter ] --START--
INFO: Run Behavior\ContentReplaceBehavior [ RunTime:0.000076s ]
INFO: [ template_filter ] --END-- [ RunTime:0.000176s ]
INFO: Run Behavior\ParseTemplateBehavior [ RunTime:0.011847s ]
INFO: [ view_parse ] --END-- [ RunTime:0.011953s ]
INFO: [ view_filter ] --START--
INFO: Run Behavior\WriteHtmlCacheBehavior [ RunTime:0.001045s ]
INFO: [ view_filter ] --END-- [ RunTime:0.001129s ]
INFO: [ app_end ] --START--
INFO: Run Behavior\ShowPageTraceBehavior [ RunTime:0.001259s ]
INFO: [ app_end ] --END-- [ RunTime:0.001436s ]

[ 2019-03-29T19:47:51+08:00 ] ::1 /bokechengxu/index.php/Login/Index/verify.html
INFO: [ app_init ] --START--
INFO: Run Behavior\BuildLiteBehavior [ RunTime:0.000029s ]
INFO: [ app_init ] --END-- [ RunTime:0.001069s ]
INFO: [ app_begin ] --START--
INFO: Run Behavior\ReadHtmlCacheBehavior [ RunTime:0.001262s ]
INFO: [ app_begin ] --END-- [ RunTime:0.001389s ]
INFO: [ app_end ] --START--
INFO: Run Behavior\ShowPageTraceBehavior [ RunTime:0.001674s ]
INFO: [ app_end ] --END-- [ RunTime:0.001832s ]

[ 2019-03-29T19:48:11+08:00 ] ::1 /bokechengxu/index.php/Login/Index/register.html
INFO: [ app_init ] --START--
INFO: Run Behavior\BuildLiteBehavior [ RunTime:0.000031s ]
INFO: [ app_init ] --END-- [ RunTime:0.001116s ]
INFO: [ app_begin ] --START--
INFO: Run Behavior\ReadHtmlCacheBehavior [ RunTime:0.001015s ]
INFO: [ app_begin ] --END-- [ RunTime:0.001092s ]
INFO: [ view_parse ] --START--
INFO: [ template_filter ] --START--
INFO: Run Behavior\ContentReplaceBehavior [ RunTime:0.000084s ]
INFO: [ template_filter ] --END-- [ RunTime:0.000179s ]
INFO: Run Behavior\ParseTemplateBehavior [ RunTime:0.011923s ]
INFO: [ view_parse ] --END-- [ RunTime:0.012001s ]
INFO: [ view_filter ] --START--
INFO: Run Behavior\WriteHtmlCacheBehavior [ RunTime:0.000900s ]
INFO: [ view_filter ] --END-- [ RunTime:0.001002s ]
INFO: [ app_end ] --START--
INFO: Run Behavior\ShowPageTraceBehavior [ RunTime:0.001205s ]
INFO: [ app_end ] --END-- [ RunTime:0.001292s ]

[ 2019-03-29T19:48:11+08:00 ] ::1 /bokechengxu/index.php/Login/Index/verify.html
INFO: [ app_init ] --START--
INFO: Run Behavior\BuildLiteBehavior [ RunTime:0.000035s ]
INFO: [ app_init ] --END-- [ RunTime:0.001240s ]
INFO: [ app_begin ] --START--
INFO: Run Behavior\ReadHtmlCacheBehavior [ RunTime:0.001338s ]
INFO: [ app_begin ] --END-- [ RunTime:0.001457s ]
INFO: [ app_end ] --START--
INFO: Run Behavior\ShowPageTraceBehavior [ RunTime:0.001373s ]
INFO: [ app_end ] --END-- [ RunTime:0.001486s ]

[ 2019-03-29T19:48:28+08:00 ] ::1 /bokechengxu/index.php/Login/Index/register.html
INFO: [ app_init ] --START--
INFO: Run Behavior\BuildLiteBehavior [ RunTime:0.000023s ]
INFO: [ app_init ] --END-- [ RunTime:0.000917s ]
INFO: [ app_begin ] --START--
INFO: Run Behavior\ReadHtmlCacheBehavior [ RunTime:0.001111s ]
INFO: [ app_begin ] --END-- [ RunTime:0.001212s ]
INFO: [ view_parse ] --START--
INFO: [ template_filter ] --START--
INFO: Run Behavior\ContentReplaceBehavior [ RunTime:0.000085s ]
INFO: [ template_filter ] --END-- [ RunTime:0.000182s ]
INFO: Run Behavior\ParseTemplateBehavior [ RunTime:0.010276s ]
INFO: [ view_parse ] --END-- [ RunTime:0.010348s ]
INFO: [ view_filter ] --START--
INFO: Run Behavior\WriteHtmlCacheBehavior [ RunTime:0.000684s ]
INFO: [ view_filter ] --END-- [ RunTime:0.000732s ]
INFO: [ app_end ] --START--
INFO: Run Behavior\ShowPageTraceBehavior [ RunTime:0.000987s ]
INFO: [ app_end ] --END-- [ RunTime:0.001049s ]

[ 2019-03-29T19:48:28+08:00 ] ::1 /bokechengxu/index.php/Login/Index/verify.html
INFO: [ app_init ] --START--
INFO: Run Behavior\BuildLiteBehavior [ RunTime:0.000016s ]
INFO: [ app_init ] --END-- [ RunTime:0.000659s ]
INFO: [ app_begin ] --START--
INFO: Run Behavior\ReadHtmlCacheBehavior [ RunTime:0.001423s ]
INFO: [ app_begin ] --END-- [ RunTime:0.001528s ]
INFO: [ app_end ] --START--
INFO: Run Behavior\ShowPageTraceBehavior [ RunTime:0.000965s ]
INFO: [ app_end ] --END-- [ RunTime:0.001042s ]

[ 2019-03-29T19:48:44+08:00 ] ::1 /bokechengxu/index.php/Login/Index/doregister.html
INFO: [ app_init ] --START--
INFO: Run Behavior\BuildLiteBehavior [ RunTime:0.000019s ]
INFO: [ app_init ] --END-- [ RunTime:0.001024s ]
INFO: [ app_begin ] --START--
INFO: Run Behavior\ReadHtmlCacheBehavior [ RunTime:0.000942s ]
INFO: [ app_begin ] --END-- [ RunTime:0.001009s ]
SQL: SHOW COLUMNS FROM `xyfw_user` [ RunTime:0.0108s ]
SQL: SHOW COLUMNS FROM `xyfw_user` [ RunTime:0.0081s ]
SQL: SELECT * FROM `xyfw_user` WHERE `username` = 'admin1' LIMIT 1   [ RunTime:0.0005s ]
SQL: INSERT INTO `xyfw_user` (`username`,`password`) VALUES ('admin1','14e1b600b1fd579f47433b88e8d85291') [ RunTime:0.0009s ]
INFO: [ view_parse ] --START--
INFO: [ template_filter ] --START--
INFO: Run Behavior\ContentReplaceBehavior [ RunTime:0.000048s ]
INFO: [ template_filter ] --END-- [ RunTime:0.000109s ]
INFO: Run Behavior\ParseTemplateBehavior [ RunTime:0.009880s ]
INFO: [ view_parse ] --END-- [ RunTime:0.009993s ]
INFO: [ view_filter ] --START--
INFO: Run Behavior\WriteHtmlCacheBehavior [ RunTime:0.000964s ]
INFO: [ view_filter ] --END-- [ RunTime:0.001031s ]
INFO: [ app_end ] --START--
INFO: Run Behavior\ShowPageTraceBehavior [ RunTime:0.000887s ]
INFO: [ app_end ] --END-- [ RunTime:0.000936s ]

[ 2019-03-29T19:50:19+08:00 ] ::1 /bokechengxu/index.php/Login/Index/register.html
INFO: [ app_init ] --START--
INFO: Run Behavior\BuildLiteBehavior [ RunTime:0.000022s ]
INFO: [ app_init ] --END-- [ RunTime:0.001130s ]
INFO: [ app_begin ] --START--
INFO: Run Behavior\ReadHtmlCacheBehavior [ RunTime:0.001373s ]
INFO: [ app_begin ] --END-- [ RunTime:0.001464s ]
INFO: [ view_parse ] --START--
INFO: [ template_filter ] --START--
INFO: Run Behavior\ContentReplaceBehavior [ RunTime:0.000081s ]
INFO: [ template_filter ] --END-- [ RunTime:0.000170s ]
INFO: Run Behavior\ParseTemplateBehavior [ RunTime:0.032252s ]
INFO: [ view_parse ] --END-- [ RunTime:0.032335s ]
INFO: [ view_filter ] --START--
INFO: Run Behavior\WriteHtmlCacheBehavior [ RunTime:0.000916s ]
INFO: [ view_filter ] --END-- [ RunTime:0.000979s ]
INFO: [ app_end ] --START--
INFO: Run Behavior\ShowPageTraceBehavior [ RunTime:0.000914s ]
INFO: [ app_end ] --END-- [ RunTime:0.000960s ]

[ 2019-03-29T19:50:19+08:00 ] ::1 /bokechengxu/index.php/Login/Index/verify.html
INFO: [ app_init ] --START--
INFO: Run Behavior\BuildLiteBehavior [ RunTime:0.000023s ]
INFO: [ app_init ] --END-- [ RunTime:0.001014s ]
INFO: [ app_begin ] --START--
INFO: Run Behavior\ReadHtmlCacheBehavior [ RunTime:0.001427s ]
INFO: [ app_begin ] --END-- [ RunTime:0.001540s ]
INFO: [ app_end ] --START--
INFO: Run Behavior\ShowPageTraceBehavior [ RunTime:0.001794s ]
INFO: [ app_end ] --END-- [ RunTime:0.002221s ]

[ 2019-03-29T19:50:37+08:00 ] ::1 /bokechengxu/index.php/Login/Index/doregister.html
INFO: [ app_init ] --START--
INFO: Run Behavior\BuildLiteBehavior [ RunTime:0.000016s ]
INFO: [ app_init ] --END-- [ RunTime:0.000668s ]
INFO: [ app_begin ] --START--
INFO: Run Behavior\ReadHtmlCacheBehavior [ RunTime:0.001972s ]
INFO: [ app_begin ] --END-- [ RunTime:0.002097s ]
SQL: SHOW COLUMNS FROM `xyfw_user` [ RunTime:0.0122s ]
SQL: SHOW COLUMNS FROM `xyfw_user` [ RunTime:0.0114s ]
SQL: SELECT * FROM `xyfw_user` WHERE `username` = '1814702679@qq.com' LIMIT 1   [ RunTime:0.0006s ]
SQL: INSERT INTO `xyfw_user` (`username`,`password`) VALUES ('1814702679@qq.com','14e1b600b1fd579f47433b88e8d85291') [ RunTime:0.0006s ]
INFO: [ view_parse ] --START--
INFO: [ template_filter ] --START--
INFO: Run Behavior\ContentReplaceBehavior [ RunTime:0.000068s ]
INFO: [ template_filter ] --END-- [ RunTime:0.000197s ]
INFO: Run Behavior\ParseTemplateBehavior [ RunTime:0.012396s ]
INFO: [ view_parse ] --END-- [ RunTime:0.012481s ]
INFO: [ view_filter ] --START--
INFO: Run Behavior\WriteHtmlCacheBehavior [ RunTime:0.000929s ]
INFO: [ view_filter ] --END-- [ RunTime:0.001014s ]
INFO: [ app_end ] --START--
INFO: Run Behavior\ShowPageTraceBehavior [ RunTime:0.001788s ]
INFO: [ app_end ] --END-- [ RunTime:0.001870s ]

[ 2019-03-29T19:50:38+08:00 ] ::1 /bokechengxu/index.php/Login/Index/index.html
INFO: [ app_init ] --START--
INFO: Run Behavior\BuildLiteBehavior [ RunTime:0.000033s ]
INFO: [ app_init ] --END-- [ RunTime:0.001166s ]
INFO: [ app_begin ] --START--
INFO: Run Behavior\ReadHtmlCacheBehavior [ RunTime:0.001261s ]
INFO: [ app_begin ] --END-- [ RunTime:0.001365s ]
INFO: [ view_parse ] --START--
INFO: [ template_filter ] --START--
INFO: Run Behavior\ContentReplaceBehavior [ RunTime:0.000065s ]
INFO: [ template_filter ] --END-- [ RunTime:0.000153s ]
INFO: Run Behavior\ParseTemplateBehavior [ RunTime:0.013120s ]
INFO: [ view_parse ] --END-- [ RunTime:0.013200s ]
INFO: [ view_filter ] --START--
INFO: Run Behavior\WriteHtmlCacheBehavior [ RunTime:0.000877s ]
INFO: [ view_filter ] --END-- [ RunTime:0.000941s ]
INFO: [ app_end ] --START--
INFO: Run Behavior\ShowPageTraceBehavior [ RunTime:0.002175s ]
INFO: [ app_end ] --END-- [ RunTime:0.002280s ]

[ 2019-03-29T19:50:38+08:00 ] ::1 /bokechengxu/index.php/Login/Index/verify.html
INFO: [ app_init ] --START--
INFO: Run Behavior\BuildLiteBehavior [ RunTime:0.000026s ]
INFO: [ app_init ] --END-- [ RunTime:0.001022s ]
INFO: [ app_begin ] --START--
INFO: Run Behavior\ReadHtmlCacheBehavior [ RunTime:0.001315s ]
INFO: [ app_begin ] --END-- [ RunTime:0.001410s ]
INFO: [ app_end ] --START--
INFO: Run Behavior\ShowPageTraceBehavior [ RunTime:0.001451s ]
INFO: [ app_end ] --END-- [ RunTime:0.001571s ]

[ 2019-03-29T19:51:11+08:00 ] ::1 /bokechengxu/index.php/Login/Index/login.html
INFO: [ app_init ] --START--
INFO: Run Behavior\BuildLiteBehavior [ RunTime:0.000028s ]
INFO: [ app_init ] --END-- [ RunTime:0.000876s ]
INFO: [ app_begin ] --START--
INFO: Run Behavior\ReadHtmlCacheBehavior [ RunTime:0.000955s ]
INFO: [ app_begin ] --END-- [ RunTime:0.001025s ]
NOTIC: [8] Undefined index: identity D:\phpStudy\PHPTutorial\WWW\bokechengxu\Application\Login\Controller\IndexController.class.php 第 41 行.
SQL: SHOW COLUMNS FROM `xyfw_user` [ RunTime:0.0091s ]
SQL: SHOW COLUMNS FROM `xyfw_user` [ RunTime:0.0070s ]
SQL: SELECT * FROM `xyfw_user` WHERE `username` = 'admin' LIMIT 1   [ RunTime:0.0008s ]

